<?xml version="1.0" encoding="UTF-8"?>
<testsuite xmlns:xsi="http://www.w3.org/2001/XMLSchema-instance" xsi:noNamespaceSchemaLocation="https://maven.apache.org/surefire/maven-surefire-plugin/xsd/surefire-test-report.xsd" name="br.pucminas.BancoDadosTest" time="0.099" tests="3" errors="0" skipped="0" failures="0">
  <properties>
[...]
</properties>
  <testcase name="devePersistirUsuarioPerguntaEIndices" classname="br.pucminas.BancoDadosTest" time="0.061"/>
  <testcase name="naoDeveCriarPerguntaParaUsuarioInexistente" classname="br.pucminas.BancoDadosTest" time="0.01"/>
  <testcase name="arvoreBMaisDeveGuardarVariasPerguntasPorUsuario" classname="br.pucminas.BancoDadosTest" time="0.028"/>
</testsuite>